This file contains any messages produced by compilers while
running configure, to aid debugging if configure makes a mistake.

It was created by FULL-PACKAGE-NAME configure VERSION, which was
generated by GNU Autoconf 2.68.  Invocation command line was

  $ ./configure 

## --------- ##
## Platform. ##
## --------- ##

hostname = tercel-pc
uname -m = x86_64
uname -r = 3.0.0-12-generic
uname -s = Linux
uname -v = #20-Ubuntu SMP Fri Oct 7 14:56:25 UTC 2011

/usr/bin/uname -p = unknown
/bin/uname -X     = unknown

/bin/arch              = unknown
/usr/bin/arch -k       = unknown
/usr/convex/getsysinfo = unknown
/usr/bin/hostinfo      = unknown
/bin/machine           = unknown
/usr/bin/oslevel       = unknown
/bin/universe          = unknown

PATH: /home/tercel/bin
PATH: /usr/lib/lightdm/lightdm
PATH: /usr/local/sbin
PATH: /usr/local/bin
PATH: /usr/sbin
PATH: /usr/bin
PATH: /sbin
PATH: /bin
PATH: /usr/games
PATH: /opt/android-sdk-linux/platform-tools


## ----------- ##
## Core tests. ##
## ----------- ##

configure:2413: checking for a BSD-compatible install
configure:2481: result: /usr/bin/install -c
configure:2492: checking whether build environment is sane
configure:2542: result: yes
configure:2683: checking for a thread-safe mkdir -p
configure:2722: result: /bin/mkdir -p
configure:2735: checking for gawk
configure:2765: result: no
configure:2735: checking for mawk
configure:2751: found /usr/bin/mawk
configure:2762: result: mawk
configure:2773: checking whether make sets $(MAKE)
configure:2795: result: yes
configure:2905: checking build system type
configure:2919: result: x86_64-unknown-linux-gnu
configure:2939: checking host system type
configure:2952: result: x86_64-unknown-linux-gnu
configure:2993: checking how to print strings
configure:3020: result: printf
configure:3053: checking for style of include used by make
configure:3081: result: GNU
configure:3151: checking for gcc
configure:3167: found /usr/bin/gcc
configure:3178: result: gcc
configure:3407: checking for C compiler version
configure:3416: gcc --version >&5
gcc (Ubuntu/Linaro 4.6.1-9ubuntu3) 4.6.1
Copyright (C) 2011 Free Software Foundation, Inc.
This is free software; see the source for copying conditions.  There is NO
warranty; not even for MERCHANTABILITY or FITNESS FOR A PARTICULAR PURPOSE.

configure:3427: $? = 0
configure:3416: gcc -v >&5
Using built-in specs.
COLLECT_GCC=gcc
COLLECT_LTO_WRAPPER=/usr/lib/gcc/x86_64-linux-gnu/4.6.1/lto-wrapper
Target: x86_64-linux-gnu
Configured with: ../src/configure -v --with-pkgversion='Ubuntu/Linaro 4.6.1-9ubuntu3' --with-bugurl=file:///usr/share/doc/gcc-4.6/README.Bugs --enable-languages=c,c++,fortran,objc,obj-c++,go --prefix=/usr --program-suffix=-4.6 --enable-shared --enable-linker-build-id --with-system-zlib --libexecdir=/usr/lib --without-included-gettext --enable-threads=posix --with-gxx-include-dir=/usr/include/c++/4.6 --libdir=/usr/lib --enable-nls --with-sysroot=/ --enable-clocale=gnu --enable-libstdcxx-debug --enable-libstdcxx-time=yes --enable-plugin --enable-objc-gc --disable-werror --with-arch-32=i686 --with-tune=generic --enable-checking=release --build=x86_64-linux-gnu --host=x86_64-linux-gnu --target=x86_64-linux-gnu
Thread model: posix
gcc version 4.6.1 (Ubuntu/Linaro 4.6.1-9ubuntu3) 
configure:3427: $? = 0
configure:3416: gcc -V >&5
gcc: error: unrecognized option '-V'
gcc: fatal error: no input files
compilation terminated.
configure:3427: $? = 4
configure:3416: gcc -qversion >&5
gcc: error: unrecognized option '-qversion'
gcc: fatal error: no input files
compilation terminated.
configure:3427: $? = 4
configure:3447: checking whether the C compiler works
configure:3469: gcc    conftest.c  >&5
configure:3473: $? = 0
configure:3521: result: yes
configure:3524: checking for C compiler default output file name
configure:3526: result: a.out
configure:3532: checking for suffix of executables
configure:3539: gcc -o conftest    conftest.c  >&5
configure:3543: $? = 0
configure:3565: result: 
configure:3587: checking whether we are cross compiling
configure:3595: gcc -o conftest    conftest.c  >&5
configure:3599: $? = 0
configure:3606: ./conftest
configure:3610: $? = 0
configure:3625: result: no
configure:3630: checking for suffix of object files
configure:3652: gcc -c   conftest.c >&5
configure:3656: $? = 0
configure:3677: result: o
configure:3681: checking whether we are using the GNU C compiler
configure:3700: gcc -c   conftest.c >&5
configure:3700: $? = 0
configure:3709: result: yes
configure:3718: checking whether gcc accepts -g
configure:3738: gcc -c -g  conftest.c >&5
configure:3738: $? = 0
configure:3779: result: yes
configure:3796: checking for gcc option to accept ISO C89
configure:3860: gcc  -c -g -O2  conftest.c >&5
configure:3860: $? = 0
configure:3873: result: none needed
configure:3895: checking dependency style of gcc
configure:4005: result: gcc3
configure:4020: checking for a sed that does not truncate output
configure:4084: result: /bin/sed
configure:4102: checking for grep that handles long lines and -e
configure:4160: result: /bin/grep
configure:4165: checking for egrep
configure:4227: result: /bin/grep -E
configure:4232: checking for fgrep
configure:4294: result: /bin/grep -F
configure:4329: checking for ld used by gcc
configure:4396: result: /usr/bin/ld
configure:4403: checking if the linker (/usr/bin/ld) is GNU ld
configure:4418: result: yes
configure:4430: checking for BSD- or MS-compatible name lister (nm)
configure:4479: result: /usr/bin/nm -B
configure:4609: checking the name lister (/usr/bin/nm -B) interface
configure:4616: gcc -c -g -O2  conftest.c >&5
configure:4619: /usr/bin/nm -B "conftest.o"
configure:4622: output
0000000000000000 B some_variable
configure:4629: result: BSD nm
configure:4632: checking whether ln -s works
configure:4636: result: yes
configure:4644: checking the maximum length of command line arguments
configure:4769: result: 1572864
configure:4786: checking whether the shell understands some XSI constructs
configure:4796: result: yes
configure:4800: checking whether the shell understands "+="
configure:4806: result: yes
configure:4841: checking how to convert x86_64-unknown-linux-gnu file names to x86_64-unknown-linux-gnu format
configure:4881: result: func_convert_file_noop
configure:4888: checking how to convert x86_64-unknown-linux-gnu file names to toolchain format
configure:4908: result: func_convert_file_noop
configure:4915: checking for /usr/bin/ld option to reload object files
configure:4922: result: -r
configure:4996: checking for objdump
configure:5012: found /usr/bin/objdump
configure:5023: result: objdump
configure:5055: checking how to recognize dependent libraries
configure:5257: result: pass_all
configure:5342: checking for dlltool
configure:5372: result: no
configure:5402: checking how to associate runtime and link libraries
configure:5429: result: printf %s\n
configure:5490: checking for ar
configure:5506: found /usr/bin/ar
configure:5517: result: ar
configure:5554: checking for archiver @FILE support
configure:5571: gcc -c -g -O2  conftest.c >&5
configure:5571: $? = 0
configure:5574: ar cru libconftest.a @conftest.lst >&5
configure:5577: $? = 0
configure:5582: ar cru libconftest.a @conftest.lst >&5
ar: conftest.o: No such file or directory
configure:5585: $? = 1
configure:5597: result: @
configure:5655: checking for strip
configure:5671: found /usr/bin/strip
configure:5682: result: strip
configure:5754: checking for ranlib
configure:5770: found /usr/bin/ranlib
configure:5781: result: ranlib
configure:5883: checking command to parse /usr/bin/nm -B output from gcc object
configure:6002: gcc -c -g -O2  conftest.c >&5
configure:6005: $? = 0
configure:6009: /usr/bin/nm -B conftest.o \| sed -n -e 's/^.*[ ]\([ABCDGIRSTW][ABCDGIRSTW]*\)[ ][ ]*\([_A-Za-z][_A-Za-z0-9]*\)$/\1 \2 \2/p' | sed '/ __gnu_lto/d' \> conftest.nm
configure:6012: $? = 0
configure:6078: gcc -o conftest -g -O2   conftest.c conftstm.o >&5
configure:6081: $? = 0
configure:6119: result: ok
configure:6156: checking for sysroot
configure:6186: result: no
configure:6263: gcc -c -g -O2  conftest.c >&5
configure:6266: $? = 0
configure:6429: checking for mt
configure:6445: found /bin/mt
configure:6456: result: mt
configure:6479: checking if mt is a manifest tool
configure:6485: mt '-?'
configure:6493: result: no
configure:7125: checking how to run the C preprocessor
configure:7156: gcc -E  conftest.c
configure:7156: $? = 0
configure:7170: gcc -E  conftest.c
conftest.c:11:28: fatal error: ac_nonexistent.h: No such file or directory
compilation terminated.
configure:7170: $? = 1
configure: failed program was:
| /* confdefs.h */
| #define PACKAGE_NAME "FULL-PACKAGE-NAME"
| #define PACKAGE_TARNAME "full-package-name"
| #define PACKAGE_VERSION "VERSION"
| #define PACKAGE_STRING "FULL-PACKAGE-NAME VERSION"
| #define PACKAGE_BUGREPORT "BUG-REPORT-ADDRESS"
| #define PACKAGE_URL ""
| #define PACKAGE "full-package-name"
| #define VERSION "VERSION"
| /* end confdefs.h.  */
| #include <ac_nonexistent.h>
configure:7195: result: gcc -E
configure:7215: gcc -E  conftest.c
configure:7215: $? = 0
configure:7229: gcc -E  conftest.c
conftest.c:11:28: fatal error: ac_nonexistent.h: No such file or directory
compilation terminated.
configure:7229: $? = 1
configure: failed program was:
| /* confdefs.h */
| #define PACKAGE_NAME "FULL-PACKAGE-NAME"
| #define PACKAGE_TARNAME "full-package-name"
| #define PACKAGE_VERSION "VERSION"
| #define PACKAGE_STRING "FULL-PACKAGE-NAME VERSION"
| #define PACKAGE_BUGREPORT "BUG-REPORT-ADDRESS"
| #define PACKAGE_URL ""
| #define PACKAGE "full-package-name"
| #define VERSION "VERSION"
| /* end confdefs.h.  */
| #include <ac_nonexistent.h>
configure:7258: checking for ANSI C header files
configure:7278: gcc -c -g -O2  conftest.c >&5
configure:7278: $? = 0
configure:7351: gcc -o conftest -g -O2   conftest.c  >&5
configure:7351: $? = 0
configure:7351: ./conftest
configure:7351: $? = 0
configure:7362: result: yes
configure:7375: checking for sys/types.h
configure:7375: gcc -c -g -O2  conftest.c >&5
configure:7375: $? = 0
configure:7375: result: yes
configure:7375: checking for sys/stat.h
configure:7375: gcc -c -g -O2  conftest.c >&5
configure:7375: $? = 0
configure:7375: result: yes
configure:7375: checking for stdlib.h
configure:7375: gcc -c -g -O2  conftest.c >&5
configure:7375: $? = 0
configure:7375: result: yes
configure:7375: checking for string.h
configure:7375: gcc -c -g -O2  conftest.c >&5
configure:7375: $? = 0
configure:7375: result: yes
configure:7375: checking for memory.h
configure:7375: gcc -c -g -O2  conftest.c >&5
configure:7375: $? = 0
configure:7375: result: yes
configure:7375: checking for strings.h
configure:7375: gcc -c -g -O2  conftest.c >&5
configure:7375: $? = 0
configure:7375: result: yes
configure:7375: checking for inttypes.h
configure:7375: gcc -c -g -O2  conftest.c >&5
configure:7375: $? = 0
configure:7375: result: yes
configure:7375: checking for stdint.h
configure:7375: gcc -c -g -O2  conftest.c >&5
configure:7375: $? = 0
configure:7375: result: yes
configure:7375: checking for unistd.h
configure:7375: gcc -c -g -O2  conftest.c >&5
configure:7375: $? = 0
configure:7375: result: yes
configure:7389: checking for dlfcn.h
configure:7389: gcc -c -g -O2  conftest.c >&5
configure:7389: $? = 0
configure:7389: result: yes
configure:7576: checking for objdir
configure:7591: result: .libs
configure:7858: checking if gcc supports -fno-rtti -fno-exceptions
configure:7876: gcc -c -g -O2  -fno-rtti -fno-exceptions conftest.c >&5
cc1: warning: command line option '-fno-rtti' is valid for C++/ObjC++ but not for C [enabled by default]
configure:7880: $? = 0
configure:7893: result: no
configure:8203: checking for gcc option to produce PIC
configure:8210: result: -fPIC -DPIC
configure:8218: checking if gcc PIC flag -fPIC -DPIC works
configure:8236: gcc -c -g -O2  -fPIC -DPIC -DPIC conftest.c >&5
configure:8240: $? = 0
configure:8253: result: yes
configure:8282: checking if gcc static flag -static works
configure:8310: result: yes
configure:8325: checking if gcc supports -c -o file.o
configure:8346: gcc -c -g -O2  -o out/conftest2.o conftest.c >&5
configure:8350: $? = 0
configure:8372: result: yes
configure:8380: checking if gcc supports -c -o file.o
configure:8427: result: yes
configure:8460: checking whether the gcc linker (/usr/bin/ld -m elf_x86_64) supports shared libraries
configure:9622: result: yes
configure:9659: checking whether -lc should be explicitly linked in
configure:9667: gcc -c -g -O2  conftest.c >&5
configure:9670: $? = 0
configure:9685: gcc -shared  -fPIC -DPIC conftest.o  -v -Wl,-soname -Wl,conftest -o conftest 2\>\&1 \| /bin/grep  -lc  \>/dev/null 2\>\&1
configure:9688: $? = 0
configure:9702: result: no
configure:9867: checking dynamic linker characteristics
configure:10382: gcc -o conftest -g -O2   -Wl,-rpath -Wl,/foo conftest.c  >&5
configure:10382: $? = 0
configure:10616: result: GNU/Linux ld.so
configure:10723: checking how to hardcode library paths into programs
configure:10748: result: immediate
configure:11288: checking whether stripping libraries is possible
configure:11293: result: yes
configure:11328: checking if libtool supports shared libraries
configure:11330: result: yes
configure:11333: checking whether to build shared libraries
configure:11354: result: yes
configure:11357: checking whether to build static libraries
configure:11361: result: yes
configure:11459: checking for g++
configure:11475: found /usr/bin/g++
configure:11486: result: g++
configure:11513: checking for C++ compiler version
configure:11522: g++ --version >&5
g++ (Ubuntu/Linaro 4.6.1-9ubuntu3) 4.6.1
Copyright (C) 2011 Free Software Foundation, Inc.
This is free software; see the source for copying conditions.  There is NO
warranty; not even for MERCHANTABILITY or FITNESS FOR A PARTICULAR PURPOSE.

configure:11533: $? = 0
configure:11522: g++ -v >&5
Using built-in specs.
COLLECT_GCC=g++
COLLECT_LTO_WRAPPER=/usr/lib/gcc/x86_64-linux-gnu/4.6.1/lto-wrapper
Target: x86_64-linux-gnu
Configured with: ../src/configure -v --with-pkgversion='Ubuntu/Linaro 4.6.1-9ubuntu3' --with-bugurl=file:///usr/share/doc/gcc-4.6/README.Bugs --enable-languages=c,c++,fortran,objc,obj-c++,go --prefix=/usr --program-suffix=-4.6 --enable-shared --enable-linker-build-id --with-system-zlib --libexecdir=/usr/lib --without-included-gettext --enable-threads=posix --with-gxx-include-dir=/usr/include/c++/4.6 --libdir=/usr/lib --enable-nls --with-sysroot=/ --enable-clocale=gnu --enable-libstdcxx-debug --enable-libstdcxx-time=yes --enable-plugin --enable-objc-gc --disable-werror --with-arch-32=i686 --with-tune=generic --enable-checking=release --build=x86_64-linux-gnu --host=x86_64-linux-gnu --target=x86_64-linux-gnu
Thread model: posix
gcc version 4.6.1 (Ubuntu/Linaro 4.6.1-9ubuntu3) 
configure:11533: $? = 0
configure:11522: g++ -V >&5
g++: error: unrecognized option '-V'
g++: fatal error: no input files
compilation terminated.
configure:11533: $? = 4
configure:11522: g++ -qversion >&5
g++: error: unrecognized option '-qversion'
g++: fatal error: no input files
compilation terminated.
configure:11533: $? = 4
configure:11537: checking whether we are using the GNU C++ compiler
configure:11556: g++ -c   conftest.cpp >&5
configure:11556: $? = 0
configure:11565: result: yes
configure:11574: checking whether g++ accepts -g
configure:11594: g++ -c -g  conftest.cpp >&5
configure:11594: $? = 0
configure:11635: result: yes
configure:11660: checking dependency style of g++
configure:11770: result: gcc3
configure:11803: checking how to run the C++ preprocessor
configure:11830: g++ -E  conftest.cpp
configure:11830: $? = 0
configure:11844: g++ -E  conftest.cpp
conftest.cpp:23:28: fatal error: ac_nonexistent.h: No such file or directory
compilation terminated.
configure:11844: $? = 1
configure: failed program was:
| /* confdefs.h */
| #define PACKAGE_NAME "FULL-PACKAGE-NAME"
| #define PACKAGE_TARNAME "full-package-name"
| #define PACKAGE_VERSION "VERSION"
| #define PACKAGE_STRING "FULL-PACKAGE-NAME VERSION"
| #define PACKAGE_BUGREPORT "BUG-REPORT-ADDRESS"
| #define PACKAGE_URL ""
| #define PACKAGE "full-package-name"
| #define VERSION "VERSION"
| #define STDC_HEADERS 1
| #define HAVE_SYS_TYPES_H 1
| #define HAVE_SYS_STAT_H 1
| #define HAVE_STDLIB_H 1
| #define HAVE_STRING_H 1
| #define HAVE_MEMORY_H 1
| #define HAVE_STRINGS_H 1
| #define HAVE_INTTYPES_H 1
| #define HAVE_STDINT_H 1
| #define HAVE_UNISTD_H 1
| #define HAVE_DLFCN_H 1
| #define LT_OBJDIR ".libs/"
| /* end confdefs.h.  */
| #include <ac_nonexistent.h>
configure:11869: result: g++ -E
configure:11889: g++ -E  conftest.cpp
configure:11889: $? = 0
configure:11903: g++ -E  conftest.cpp
conftest.cpp:23:28: fatal error: ac_nonexistent.h: No such file or directory
compilation terminated.
configure:11903: $? = 1
configure: failed program was:
| /* confdefs.h */
| #define PACKAGE_NAME "FULL-PACKAGE-NAME"
| #define PACKAGE_TARNAME "full-package-name"
| #define PACKAGE_VERSION "VERSION"
| #define PACKAGE_STRING "FULL-PACKAGE-NAME VERSION"
| #define PACKAGE_BUGREPORT "BUG-REPORT-ADDRESS"
| #define PACKAGE_URL ""
| #define PACKAGE "full-package-name"
| #define VERSION "VERSION"
| #define STDC_HEADERS 1
| #define HAVE_SYS_TYPES_H 1
| #define HAVE_SYS_STAT_H 1
| #define HAVE_STDLIB_H 1
| #define HAVE_STRING_H 1
| #define HAVE_MEMORY_H 1
| #define HAVE_STRINGS_H 1
| #define HAVE_INTTYPES_H 1
| #define HAVE_STDINT_H 1
| #define HAVE_UNISTD_H 1
| #define HAVE_DLFCN_H 1
| #define LT_OBJDIR ".libs/"
| /* end confdefs.h.  */
| #include <ac_nonexistent.h>
configure:12073: checking for ld used by g++
configure:12140: result: /usr/bin/ld -m elf_x86_64
configure:12147: checking if the linker (/usr/bin/ld -m elf_x86_64) is GNU ld
configure:12162: result: yes
configure:12217: checking whether the g++ linker (/usr/bin/ld -m elf_x86_64) supports shared libraries
configure:13221: result: yes
configure:13256: g++ -c -g -O2  conftest.cpp >&5
configure:13259: $? = 0
configure:13779: checking for g++ option to produce PIC
configure:13786: result: -fPIC -DPIC
configure:13794: checking if g++ PIC flag -fPIC -DPIC works
configure:13812: g++ -c -g -O2  -fPIC -DPIC -DPIC conftest.cpp >&5
configure:13816: $? = 0
configure:13829: result: yes
configure:13852: checking if g++ static flag -static works
configure:13880: result: yes
configure:13892: checking if g++ supports -c -o file.o
configure:13913: g++ -c -g -O2  -o out/conftest2.o conftest.cpp >&5
configure:13917: $? = 0
configure:13939: result: yes
configure:13944: checking if g++ supports -c -o file.o
configure:13991: result: yes
configure:14021: checking whether the g++ linker (/usr/bin/ld -m elf_x86_64) supports shared libraries
configure:14058: result: yes
configure:14201: checking dynamic linker characteristics
configure:14884: result: GNU/Linux ld.so
configure:14937: checking how to hardcode library paths into programs
configure:14962: result: immediate
configure:15006: checking for gawk
configure:15033: result: mawk
configure:15092: checking for gcc
configure:15119: result: gcc
configure:15348: checking for C compiler version
configure:15357: gcc --version >&5
gcc (Ubuntu/Linaro 4.6.1-9ubuntu3) 4.6.1
Copyright (C) 2011 Free Software Foundation, Inc.
This is free software; see the source for copying conditions.  There is NO
warranty; not even for MERCHANTABILITY or FITNESS FOR A PARTICULAR PURPOSE.

configure:15368: $? = 0
configure:15357: gcc -v >&5
Using built-in specs.
COLLECT_GCC=gcc
COLLECT_LTO_WRAPPER=/usr/lib/gcc/x86_64-linux-gnu/4.6.1/lto-wrapper
Target: x86_64-linux-gnu
Configured with: ../src/configure -v --with-pkgversion='Ubuntu/Linaro 4.6.1-9ubuntu3' --with-bugurl=file:///usr/share/doc/gcc-4.6/README.Bugs --enable-languages=c,c++,fortran,objc,obj-c++,go --prefix=/usr --program-suffix=-4.6 --enable-shared --enable-linker-build-id --with-system-zlib --libexecdir=/usr/lib --without-included-gettext --enable-threads=posix --with-gxx-include-dir=/usr/include/c++/4.6 --libdir=/usr/lib --enable-nls --with-sysroot=/ --enable-clocale=gnu --enable-libstdcxx-debug --enable-libstdcxx-time=yes --enable-plugin --enable-objc-gc --disable-werror --with-arch-32=i686 --with-tune=generic --enable-checking=release --build=x86_64-linux-gnu --host=x86_64-linux-gnu --target=x86_64-linux-gnu
Thread model: posix
gcc version 4.6.1 (Ubuntu/Linaro 4.6.1-9ubuntu3) 
configure:15368: $? = 0
configure:15357: gcc -V >&5
gcc: error: unrecognized option '-V'
gcc: fatal error: no input files
compilation terminated.
configure:15368: $? = 4
configure:15357: gcc -qversion >&5
gcc: error: unrecognized option '-qversion'
gcc: fatal error: no input files
compilation terminated.
configure:15368: $? = 4
configure:15372: checking whether we are using the GNU C compiler
configure:15400: result: yes
configure:15409: checking whether gcc accepts -g
configure:15470: result: yes
configure:15487: checking for gcc option to accept ISO C89
configure:15564: result: none needed
configure:15586: checking dependency style of gcc
configure:15696: result: gcc3
configure:15716: checking how to run the C preprocessor
configure:15786: result: gcc -E
configure:15806: gcc -E  conftest.c
configure:15806: $? = 0
configure:15820: gcc -E  conftest.c
conftest.c:23:28: fatal error: ac_nonexistent.h: No such file or directory
compilation terminated.
configure:15820: $? = 1
configure: failed program was:
| /* confdefs.h */
| #define PACKAGE_NAME "FULL-PACKAGE-NAME"
| #define PACKAGE_TARNAME "full-package-name"
| #define PACKAGE_VERSION "VERSION"
| #define PACKAGE_STRING "FULL-PACKAGE-NAME VERSION"
| #define PACKAGE_BUGREPORT "BUG-REPORT-ADDRESS"
| #define PACKAGE_URL ""
| #define PACKAGE "full-package-name"
| #define VERSION "VERSION"
| #define STDC_HEADERS 1
| #define HAVE_SYS_TYPES_H 1
| #define HAVE_SYS_STAT_H 1
| #define HAVE_STDLIB_H 1
| #define HAVE_STRING_H 1
| #define HAVE_MEMORY_H 1
| #define HAVE_STRINGS_H 1
| #define HAVE_INTTYPES_H 1
| #define HAVE_STDINT_H 1
| #define HAVE_UNISTD_H 1
| #define HAVE_DLFCN_H 1
| #define LT_OBJDIR ".libs/"
| /* end confdefs.h.  */
| #include <ac_nonexistent.h>
configure:15849: checking whether ln -s works
configure:15853: result: yes
configure:15860: checking whether make sets $(MAKE)
configure:15882: result: yes
configure:15934: checking for ranlib
configure:15961: result: ranlib
configure:15990: checking for stdlib.h
configure:15990: result: yes
configure:15990: checking for string.h
configure:15990: result: yes
configure:16002: checking for stdbool.h that conforms to C99
configure:16069: gcc -c -g -O2  conftest.c >&5
configure:16069: $? = 0
configure:16076: result: yes
configure:16078: checking for _Bool
configure:16078: gcc -c -g -O2  conftest.c >&5
configure:16078: $? = 0
configure:16078: gcc -c -g -O2  conftest.c >&5
conftest.c: In function 'main':
conftest.c:61:20: error: expected expression before ')' token
configure:16078: $? = 1
configure: failed program was:
| /* confdefs.h */
| #define PACKAGE_NAME "FULL-PACKAGE-NAME"
| #define PACKAGE_TARNAME "full-package-name"
| #define PACKAGE_VERSION "VERSION"
| #define PACKAGE_STRING "FULL-PACKAGE-NAME VERSION"
| #define PACKAGE_BUGREPORT "BUG-REPORT-ADDRESS"
| #define PACKAGE_URL ""
| #define PACKAGE "full-package-name"
| #define VERSION "VERSION"
| #define STDC_HEADERS 1
| #define HAVE_SYS_TYPES_H 1
| #define HAVE_SYS_STAT_H 1
| #define HAVE_STDLIB_H 1
| #define HAVE_STRING_H 1
| #define HAVE_MEMORY_H 1
| #define HAVE_STRINGS_H 1
| #define HAVE_INTTYPES_H 1
| #define HAVE_STDINT_H 1
| #define HAVE_UNISTD_H 1
| #define HAVE_DLFCN_H 1
| #define LT_OBJDIR ".libs/"
| #define HAVE_STDLIB_H 1
| #define HAVE_STRING_H 1
| /* end confdefs.h.  */
| #include <stdio.h>
| #ifdef HAVE_SYS_TYPES_H
| # include <sys/types.h>
| #endif
| #ifdef HAVE_SYS_STAT_H
| # include <sys/stat.h>
| #endif
| #ifdef STDC_HEADERS
| # include <stdlib.h>
| # include <stddef.h>
| #else
| # ifdef HAVE_STDLIB_H
| #  include <stdlib.h>
| # endif
| #endif
| #ifdef HAVE_STRING_H
| # if !defined STDC_HEADERS && defined HAVE_MEMORY_H
| #  include <memory.h>
| # endif
| # include <string.h>
| #endif
| #ifdef HAVE_STRINGS_H
| # include <strings.h>
| #endif
| #ifdef HAVE_INTTYPES_H
| # include <inttypes.h>
| #endif
| #ifdef HAVE_STDINT_H
| # include <stdint.h>
| #endif
| #ifdef HAVE_UNISTD_H
| # include <unistd.h>
| #endif
| int
| main ()
| {
| if (sizeof ((_Bool)))
| 	    return 0;
|   ;
|   return 0;
| }
configure:16078: result: yes
configure:16098: checking for stdlib.h
configure:16098: result: yes
configure:16108: checking for GNU libc compatible malloc
configure:16132: gcc -o conftest -g -O2   conftest.c  >&5
configure:16132: $? = 0
configure:16132: ./conftest
configure:16132: $? = 0
configure:16142: result: yes
configure:16166: checking for memset
configure:16166: gcc -o conftest -g -O2   conftest.c  >&5
conftest.c:52:6: warning: conflicting types for built-in function 'memset' [enabled by default]
configure:16166: $? = 0
configure:16166: result: yes
configure:16166: checking for strchr
configure:16166: gcc -o conftest -g -O2   conftest.c  >&5
conftest.c:53:6: warning: conflicting types for built-in function 'strchr' [enabled by default]
configure:16166: $? = 0
configure:16166: result: yes
configure:16316: creating ./config.status

## ---------------------- ##
## Running config.status. ##
## ---------------------- ##

This file was extended by FULL-PACKAGE-NAME config.status VERSION, which was
generated by GNU Autoconf 2.68.  Invocation command line was

  CONFIG_FILES    = 
  CONFIG_HEADERS  = 
  CONFIG_LINKS    = 
  CONFIG_COMMANDS = 
  $ ./config.status 

on tercel-pc

config.status:1161: creating Makefile
config.status:1161: creating src/Pluma/Makefile
config.status:1161: creating example/src/host/Makefile
config.status:1161: creating config.h
config.status:1342: config.h is unchanged
config.status:1390: executing depfiles commands
config.status:1390: executing libtool commands

## ---------------- ##
## Cache variables. ##
## ---------------- ##

ac_cv_build=x86_64-unknown-linux-gnu
ac_cv_c_compiler_gnu=yes
ac_cv_cxx_compiler_gnu=yes
ac_cv_env_CCC_set=
ac_cv_env_CCC_value=
ac_cv_env_CC_set=
ac_cv_env_CC_value=
ac_cv_env_CFLAGS_set=
ac_cv_env_CFLAGS_value=
ac_cv_env_CPPFLAGS_set=
ac_cv_env_CPPFLAGS_value=
ac_cv_env_CPP_set=
ac_cv_env_CPP_value=
ac_cv_env_CXXCPP_set=
ac_cv_env_CXXCPP_value=
ac_cv_env_CXXFLAGS_set=
ac_cv_env_CXXFLAGS_value=
ac_cv_env_CXX_set=
ac_cv_env_CXX_value=
ac_cv_env_LDFLAGS_set=
ac_cv_env_LDFLAGS_value=
ac_cv_env_LIBS_set=
ac_cv_env_LIBS_value=
ac_cv_env_build_alias_set=
ac_cv_env_build_alias_value=
ac_cv_env_host_alias_set=
ac_cv_env_host_alias_value=
ac_cv_env_target_alias_set=
ac_cv_env_target_alias_value=
ac_cv_func_malloc_0_nonnull=yes
ac_cv_func_memset=yes
ac_cv_func_strchr=yes
ac_cv_header_dlfcn_h=yes
ac_cv_header_inttypes_h=yes
ac_cv_header_memory_h=yes
ac_cv_header_stdbool_h=yes
ac_cv_header_stdc=yes
ac_cv_header_stdint_h=yes
ac_cv_header_stdlib_h=yes
ac_cv_header_string_h=yes
ac_cv_header_strings_h=yes
ac_cv_header_sys_stat_h=yes
ac_cv_header_sys_types_h=yes
ac_cv_header_unistd_h=yes
ac_cv_host=x86_64-unknown-linux-gnu
ac_cv_objext=o
ac_cv_path_EGREP='/bin/grep -E'
ac_cv_path_FGREP='/bin/grep -F'
ac_cv_path_GREP=/bin/grep
ac_cv_path_SED=/bin/sed
ac_cv_path_install='/usr/bin/install -c'
ac_cv_path_mkdir=/bin/mkdir
ac_cv_prog_AWK=mawk
ac_cv_prog_CPP='gcc -E'
ac_cv_prog_CXXCPP='g++ -E'
ac_cv_prog_ac_ct_AR=ar
ac_cv_prog_ac_ct_CC=gcc
ac_cv_prog_ac_ct_CXX=g++
ac_cv_prog_ac_ct_MANIFEST_TOOL=mt
ac_cv_prog_ac_ct_OBJDUMP=objdump
ac_cv_prog_ac_ct_RANLIB=ranlib
ac_cv_prog_ac_ct_STRIP=strip
ac_cv_prog_cc_c89=
ac_cv_prog_cc_g=yes
ac_cv_prog_cxx_g=yes
ac_cv_prog_make_make_set=yes
ac_cv_type__Bool=yes
am_cv_CC_dependencies_compiler_type=gcc3
am_cv_CXX_dependencies_compiler_type=gcc3
lt_cv_ar_at_file=@
lt_cv_archive_cmds_need_lc=no
lt_cv_deplibs_check_method=pass_all
lt_cv_file_magic_cmd='$MAGIC_CMD'
lt_cv_file_magic_test_file=
lt_cv_ld_reload_flag=-r
lt_cv_nm_interface='BSD nm'
lt_cv_objdir=.libs
lt_cv_path_LD=/usr/bin/ld
lt_cv_path_LDCXX='/usr/bin/ld -m elf_x86_64'
lt_cv_path_NM='/usr/bin/nm -B'
lt_cv_path_mainfest_tool=no
lt_cv_prog_compiler_c_o=yes
lt_cv_prog_compiler_c_o_CXX=yes
lt_cv_prog_compiler_pic='-fPIC -DPIC'
lt_cv_prog_compiler_pic_CXX='-fPIC -DPIC'
lt_cv_prog_compiler_pic_works=yes
lt_cv_prog_compiler_pic_works_CXX=yes
lt_cv_prog_compiler_rtti_exceptions=no
lt_cv_prog_compiler_static_works=yes
lt_cv_prog_compiler_static_works_CXX=yes
lt_cv_prog_gnu_ld=yes
lt_cv_prog_gnu_ldcxx=yes
lt_cv_sharedlib_from_linklib_cmd='printf %s\n'
lt_cv_shlibpath_overrides_runpath=no
lt_cv_sys_global_symbol_pipe='sed -n -e '\''s/^.*[	 ]\([ABCDGIRSTW][ABCDGIRSTW]*\)[	 ][	 ]*\([_A-Za-z][_A-Za-z0-9]*\)$/\1 \2 \2/p'\'' | sed '\''/ __gnu_lto/d'\'''
lt_cv_sys_global_symbol_to_c_name_address='sed -n -e '\''s/^: \([^ ]*\)[ ]*$/  {\"\1\", (void *) 0},/p'\'' -e '\''s/^[ABCDGIRSTW]* \([^ ]*\) \([^ ]*\)$/  {"\2", (void *) \&\2},/p'\'''
lt_cv_sys_global_symbol_to_c_name_address_lib_prefix='sed -n -e '\''s/^: \([^ ]*\)[ ]*$/  {\"\1\", (void *) 0},/p'\'' -e '\''s/^[ABCDGIRSTW]* \([^ ]*\) \(lib[^ ]*\)$/  {"\2", (void *) \&\2},/p'\'' -e '\''s/^[ABCDGIRSTW]* \([^ ]*\) \([^ ]*\)$/  {"lib\2", (void *) \&\2},/p'\'''
lt_cv_sys_global_symbol_to_cdecl='sed -n -e '\''s/^T .* \(.*\)$/extern int \1();/p'\'' -e '\''s/^[ABCDGIRSTW]* .* \(.*\)$/extern char \1;/p'\'''
lt_cv_sys_max_cmd_len=1572864
lt_cv_to_host_file_cmd=func_convert_file_noop
lt_cv_to_tool_file_cmd=func_convert_file_noop

## ----------------- ##
## Output variables. ##
## ----------------- ##

ACLOCAL='${SHELL} /home/tercel/sources/Pluma-1.1/missing --run aclocal-1.11'
AMDEPBACKSLASH='\'
AMDEP_FALSE='#'
AMDEP_TRUE=''
AMTAR='${SHELL} /home/tercel/sources/Pluma-1.1/missing --run tar'
AR='ar'
AUTOCONF='${SHELL} /home/tercel/sources/Pluma-1.1/missing --run autoconf'
AUTOHEADER='${SHELL} /home/tercel/sources/Pluma-1.1/missing --run autoheader'
AUTOMAKE='${SHELL} /home/tercel/sources/Pluma-1.1/missing --run automake-1.11'
AWK='mawk'
CC='gcc'
CCDEPMODE='depmode=gcc3'
CFLAGS='-g -O2'
CPP='gcc -E'
CPPFLAGS=''
CXX='g++'
CXXCPP='g++ -E'
CXXDEPMODE='depmode=gcc3'
CXXFLAGS='-g -O2'
CYGPATH_W='echo'
DEFS='-DHAVE_CONFIG_H'
DEPDIR='.deps'
DLLTOOL='false'
DSYMUTIL=''
DUMPBIN=''
ECHO_C=''
ECHO_N='-n'
ECHO_T=''
EGREP='/bin/grep -E'
EXEEXT=''
FGREP='/bin/grep -F'
GREP='/bin/grep'
INSTALL_DATA='${INSTALL} -m 644'
INSTALL_PROGRAM='${INSTALL}'
INSTALL_SCRIPT='${INSTALL}'
INSTALL_STRIP_PROGRAM='$(install_sh) -c -s'
LD='/usr/bin/ld -m elf_x86_64'
LDFLAGS=''
LIBOBJS=''
LIBS=''
LIBTOOL='$(SHELL) $(top_builddir)/libtool'
LIPO=''
LN_S='ln -s'
LTLIBOBJS=''
MAKEINFO='${SHELL} /home/tercel/sources/Pluma-1.1/missing --run makeinfo'
MANIFEST_TOOL=':'
MKDIR_P='/bin/mkdir -p'
NM='/usr/bin/nm -B'
NMEDIT=''
OBJDUMP='objdump'
OBJEXT='o'
OTOOL64=''
OTOOL=''
PACKAGE='full-package-name'
PACKAGE_BUGREPORT='BUG-REPORT-ADDRESS'
PACKAGE_NAME='FULL-PACKAGE-NAME'
PACKAGE_STRING='FULL-PACKAGE-NAME VERSION'
PACKAGE_TARNAME='full-package-name'
PACKAGE_URL=''
PACKAGE_VERSION='VERSION'
PATH_SEPARATOR=':'
RANLIB='ranlib'
SED='/bin/sed'
SET_MAKE=''
SHELL='/bin/bash'
STRIP='strip'
VERSION='VERSION'
ac_ct_AR='ar'
ac_ct_CC='gcc'
ac_ct_CXX='g++'
ac_ct_DUMPBIN=''
am__EXEEXT_FALSE=''
am__EXEEXT_TRUE='#'
am__fastdepCC_FALSE='#'
am__fastdepCC_TRUE=''
am__fastdepCXX_FALSE='#'
am__fastdepCXX_TRUE=''
am__include='include'
am__isrc=''
am__leading_dot='.'
am__quote=''
am__tar='${AMTAR} chof - "$$tardir"'
am__untar='${AMTAR} xf -'
bindir='${exec_prefix}/bin'
build='x86_64-unknown-linux-gnu'
build_alias=''
build_cpu='x86_64'
build_os='linux-gnu'
build_vendor='unknown'
datadir='${datarootdir}'
datarootdir='${prefix}/share'
docdir='${datarootdir}/doc/${PACKAGE_TARNAME}'
dvidir='${docdir}'
exec_prefix='${prefix}'
host='x86_64-unknown-linux-gnu'
host_alias=''
host_cpu='x86_64'
host_os='linux-gnu'
host_vendor='unknown'
htmldir='${docdir}'
includedir='${prefix}/include'
infodir='${datarootdir}/info'
install_sh='${SHELL} /home/tercel/sources/Pluma-1.1/install-sh'
libdir='${exec_prefix}/lib'
libexecdir='${exec_prefix}/libexec'
localedir='${datarootdir}/locale'
localstatedir='${prefix}/var'
mandir='${datarootdir}/man'
mkdir_p='/bin/mkdir -p'
oldincludedir='/usr/include'
pdfdir='${docdir}'
prefix='/usr/local'
program_transform_name='s,x,x,'
psdir='${docdir}'
sbindir='${exec_prefix}/sbin'
sharedstatedir='${prefix}/com'
sysconfdir='${prefix}/etc'
target_alias=''

## ----------- ##
## confdefs.h. ##
## ----------- ##

/* confdefs.h */
#define PACKAGE_NAME "FULL-PACKAGE-NAME"
#define PACKAGE_TARNAME "full-package-name"
#define PACKAGE_VERSION "VERSION"
#define PACKAGE_STRING "FULL-PACKAGE-NAME VERSION"
#define PACKAGE_BUGREPORT "BUG-REPORT-ADDRESS"
#define PACKAGE_URL ""
#define PACKAGE "full-package-name"
#define VERSION "VERSION"
#define STDC_HEADERS 1
#define HAVE_SYS_TYPES_H 1
#define HAVE_SYS_STAT_H 1
#define HAVE_STDLIB_H 1
#define HAVE_STRING_H 1
#define HAVE_MEMORY_H 1
#define HAVE_STRINGS_H 1
#define HAVE_INTTYPES_H 1
#define HAVE_STDINT_H 1
#define HAVE_UNISTD_H 1
#define HAVE_DLFCN_H 1
#define LT_OBJDIR ".libs/"
#define HAVE_STDLIB_H 1
#define HAVE_STRING_H 1
#define HAVE__BOOL 1
#define HAVE_STDBOOL_H 1
#define HAVE_STDLIB_H 1
#define HAVE_MALLOC 1
#define HAVE_MEMSET 1
#define HAVE_STRCHR 1

configure: exit 0

## ---------------------- ##
## Running config.status. ##
## ---------------------- ##

This file was extended by FULL-PACKAGE-NAME config.status VERSION, which was
generated by GNU Autoconf 2.68.  Invocation command line was

  CONFIG_FILES    = 
  CONFIG_HEADERS  = 
  CONFIG_LINKS    = 
  CONFIG_COMMANDS = 
  $ ./config.status config.h

on tercel-pc

config.status:1161: creating config.h
config.status:1342: config.h is unchanged
